<?xml version="1.0" encoding="UTF-8"?>
<!-- Generated by org.testng.reporters.JUnitReportReporter -->
<testsuite hostname="NDI-LAP-645" failures="0" tests="1" name="finalAssesment1.FailedSignup" time="15.615" errors="0" timestamp="10 Feb 2022 20:53:11 GMT" skipped="0">
  <testcase classname="finalAssesment1.FailedSignup" name="ErrorSignup" time="15.615"/>
</testsuite> <!-- finalAssesment1.FailedSignup -->
