<?xml version="1.0" encoding="UTF-8"?>
<!-- Generated by org.testng.reporters.JUnitReportReporter -->
<testsuite hostname="NDI-LAP-645" failures="0" tests="1" name="finalAssesment1.LoginCart" time="19.273" errors="0" timestamp="11 Feb 2022 11:33:41 GMT" skipped="0">
  <testcase classname="finalAssesment1.LoginCart" name="Login" time="19.273"/>
</testsuite> <!-- finalAssesment1.LoginCart -->
