<?xml version="1.0" encoding="UTF-8"?>
<!-- Generated by org.testng.reporters.JUnitReportReporter -->
<testsuite hostname="NDI-LAP-645" failures="0" tests="2" name="tests.FailedSignup" time="91.649" errors="0" timestamp="25 Mar 2022 06:31:49 GMT" skipped="1">
  <testcase classname="tests.FailedSignup" name="ErrorSignup" time="39.647"/>
  <testcase classname="tests.FailedSignup" name="ErrorSignup" time="52.002">
    <skipped/>
  </testcase> <!-- ErrorSignup -->
</testsuite> <!-- tests.FailedSignup -->
